<?xml version="1.0" encoding="UTF-8"?>
<!-- Generated by org.testng.reporters.JUnitXMLReporter -->
<testsuite hostname="Admin" name="Test" tests="2" failures="1" timestamp="4 Dec 2020 17:28:04 GMT" time="65.214" errors="0">
  <testcase name="feature" time="32.752" classname="Runner.Runcuke">
    <failure type="cucumber.runtime.CucumberException" message="java.lang.AssertionError: expected [Bmw 1 Series under $200000 for Sale ACT | carsguide] but found [Bmw 1 Series Under 200000 for Sale ACT | carsguide]">
      <![CDATA[cucumber.runtime.CucumberException: java.lang.AssertionError: expected [Bmw 1 Series under $200000 for Sale ACT | carsguide] but found [Bmw 1 Series Under 200000 for Sale ACT | carsguide]
	at cucumber.api.testng.TestNGCucumberRunner.runCucumber(TestNGCucumberRunner.java:69)
	at cucumber.api.testng.AbstractTestNGCucumberTests.feature(AbstractTestNGCucumberTests.java:21)
Caused by: java.lang.AssertionError: expected [Bmw 1 Series under $200000 for Sale ACT | carsguide] but found [Bmw 1 Series Under 200000 for Sale ACT | carsguide]
	at Step.SearchCarsStep.the_page_title_should_be(SearchCarsStep.java:75)
	at âœ½.And the page title should be "Bmw 1 Series under $200000 for Sale ACT | carsguide"(Searchcar.feature:18)
... Removed 30 stack frames]]>
    </failure>
  </testcase> <!-- feature -->
  <testcase name="feature" time="29.903" classname="Runner.Runcuke"/>
</testsuite> <!-- Test -->
